{
  "RSpec": {
    "coverage": {
      "/Users/andela/Desktop/projects/BucketList_API/lib/json_web_token.rb": [
        1,
        1,
        50,
        null,
        null,
        1,
        24,
        null,
        0,
        null,
        null
      ],
      "/Users/andela/Desktop/projects/BucketList_API/app/models/bucket_list.rb": [
        1,
        1,
        1,
        1,
        1,
        null
      ],
      "/Users/andela/Desktop/projects/BucketList_API/app/models/item.rb": [
        1,
        1,
        1,
        null
      ],
      "/Users/andela/Desktop/projects/BucketList_API/app/models/user.rb": [
        1,
        1,
        null,
        null,
        1,
        1,
        null
      ],
      "/Users/andela/Desktop/projects/BucketList_API/app/controllers/api/v1/bucket_lists_controller.rb": [
        1,
        1,
        1,
        null,
        1,
        1,
        null,
        null,
        null,
        1,
        3,
        null,
        3,
        2,
        null,
        1,
        null,
        null,
        null,
        1,
        3,
        null,
        3,
        1,
        null,
        2,
        null,
        null,
        null,
        1,
        1,
        null,
        null,
        1,
        2,
        1,
        null,
        1,
        null,
        null,
        null,
        1,
        1,
        1,
        null,
        null,
        1,
        null,
        1,
        6,
        null,
        6,
        2,
        null,
        null,
        null,
        1,
        5,
        null,
        null
      ],
      "/Users/andela/Desktop/projects/BucketList_API/app/controllers/application_controller.rb": [
        1,
        1,
        null,
        1,
        null,
        1,
        25,
        1,
        1,
        null,
        24,
        null,
        24,
        1,
        null,
        null,
        null,
        null,
        1,
        null,
        1,
        null,
        24,
        49,
        null,
        null,
        1,
        72,
        null,
        null,
        1,
        25,
        null,
        null
      ],
      "/Users/andela/Desktop/projects/BucketList_API/app/controllers/api/v1/authentication_controller.rb": [
        1,
        1,
        1,
        null,
        1,
        26,
        25,
        null,
        25,
        null,
        1,
        null,
        null,
        null,
        null,
        1,
        2,
        2,
        null,
        null,
        1,
        null,
        1,
        26,
        null,
        26,
        0,
        null,
        null,
        null,
        1,
        50,
        null,
        null,
        null,
        50,
        null,
        null
      ],
      "/Users/andela/Desktop/projects/BucketList_API/app/serializers/bucket_list_serializer.rb": [
        1,
        1,
        null,
        1,
        null
      ],
      "/Users/andela/Desktop/projects/BucketList_API/app/controllers/api/v1/items_controller.rb": [
        1,
        1,
        1,
        null,
        1,
        null,
        1,
        2,
        null,
        2,
        1,
        null,
        1,
        null,
        null,
        null,
        1,
        1,
        null,
        1,
        1,
        null,
        0,
        null,
        null,
        null,
        1,
        1,
        null,
        null,
        1,
        2,
        1,
        null,
        1,
        null,
        null,
        null,
        1,
        1,
        1,
        null,
        null,
        1,
        null,
        1,
        6,
        null,
        6,
        2,
        null,
        null,
        null,
        1,
        9,
        null,
        9,
        0,
        null,
        null,
        null,
        1,
        3,
        null,
        null
      ],
      "/Users/andela/Desktop/projects/BucketList_API/app/serializers/item_serializer.rb": [
        1,
        1,
        null
      ],
      "/Users/andela/Desktop/projects/BucketList_API/app/services/message.rb": [
        0,
        0,
        0,
        0,
        0,
        0,
        0,
        0,
        0,
        0,
        0,
        0,
        0,
        0,
        0,
        0,
        0,
        0,
        0,
        0,
        0,
        0,
        0,
        0,
        0,
        0,
        0,
        0,
        0,
        0,
        0,
        0,
        0
      ]
    },
    "timestamp": 1470322263
  }
}
