{
  "RSpec": {
    "coverage": {
      "/Users/andela/Desktop/projects/BucketList_API/lib/json_web_token.rb": [
        1,
        1,
        8,
        null,
        null,
        1,
        4,
        null,
        0,
        null,
        null
      ],
      "/Users/andela/Desktop/projects/BucketList_API/app/controllers/api/v1/bucket_lists_controller.rb": [
        1,
        1,
        null,
        1,
        0,
        null,
        null,
        null,
        1,
        null,
        null,
        1,
        null,
        null,
        1,
        null,
        null,
        1,
        null,
        null,
        1,
        null,
        null
      ],
      "/Users/andela/Desktop/projects/BucketList_API/app/controllers/application_controller.rb": [
        1,
        1,
        null,
        1,
        null,
        1,
        5,
        1,
        1,
        null,
        4,
        null,
        4,
        1,
        null,
        null,
        null,
        null,
        1,
        null,
        1,
        null,
        4,
        9,
        null,
        null,
        1,
        12,
        null,
        null,
        1,
        5,
        null,
        null
      ],
      "/Users/andela/Desktop/projects/BucketList_API/app/models/user.rb": [
        1,
        1,
        null,
        null,
        1,
        1,
        null
      ],
      "/Users/andela/Desktop/projects/BucketList_API/app/controllers/api/v1/authentication_controller.rb": [
        1,
        1,
        1,
        null,
        1,
        5,
        4,
        null,
        4,
        null,
        1,
        null,
        null,
        null,
        null,
        1,
        2,
        2,
        null,
        null,
        1,
        null,
        1,
        5,
        null,
        5,
        0,
        null,
        null,
        null,
        1,
        8,
        null,
        null,
        null,
        8,
        null,
        null
      ],
      "/Users/andela/Desktop/projects/BucketList_API/app/models/bucket_list.rb": [
        0,
        0,
        0,
        0,
        0,
        0
      ],
      "/Users/andela/Desktop/projects/BucketList_API/app/models/item.rb": [
        0,
        0,
        0,
        0
      ],
      "/Users/andela/Desktop/projects/BucketList_API/app/serializers/bucket_list_serializer.rb": [
        0,
        0,
        0,
        0,
        0
      ],
      "/Users/andela/Desktop/projects/BucketList_API/app/serializers/item_serializer.rb": [
        0,
        0,
        0
      ],
      "/Users/andela/Desktop/projects/BucketList_API/app/services/message.rb": [
        0,
        0,
        0,
        0,
        0,
        0,
        0,
        0,
        0,
        0,
        0,
        0,
        0,
        0,
        0,
        0,
        0,
        0,
        0,
        0,
        0,
        0,
        0,
        0,
        0,
        0,
        0,
        0,
        0,
        0,
        0,
        0,
        0
      ]
    },
    "timestamp": 1470328383
  }
}
